<?xml version="1.0" encoding="UTF-8"?>
<!-- Generated by org.testng.reporters.JUnitXMLReporter -->
<testsuite hostname="NYCGRMJSCHNIMAC" ignored="4" name="Test1" tests="1" failures="0" timestamp="10 Jan 2019 02:32:57 GMT" time="0.033" errors="0">
  <testcase name="test4" time="0.01" classname="com.stc.test.GroupsTest"/>
  <testcase name="test2" time="0.0" classname="com.stc.test.GroupsTest">
    <ignored/>
  </testcase> <!-- test2 -->
  <testcase name="test5" time="0.0" classname="com.stc.test.GroupsTest">
    <ignored/>
  </testcase> <!-- test5 -->
  <testcase name="test3" time="0.0" classname="com.stc.test.GroupsTest">
    <ignored/>
  </testcase> <!-- test3 -->
  <testcase name="test1" time="0.0" classname="com.stc.test.GroupsTest">
    <ignored/>
  </testcase> <!-- test1 -->
</testsuite> <!-- Test1 -->
