<?xml version="1.0" encoding="UTF-8"?>
<!-- Generated by org.testng.reporters.JUnitXMLReporter -->
<testsuite hostname="NYCGRMJSCHNIMAC" ignored="0" name="Test" tests="8" failures="2" timestamp="09 Jan 2019 08:15:11 GMT" time="0.06" errors="0">
  <testcase name="test1" time="0.01" classname="com.stc.listener.TestNGListenerTest"/>
  <testcase name="test2" time="0.004" classname="com.stc.listener.TestNGListenerTest">
    <failure type="java.lang.AssertionError" message="expected [true] but found [false]">
      <![CDATA[java.lang.AssertionError: expected [true] but found [false]
	at com.stc.listener.TestNGListenerTest.test2(TestNGListenerTest.java:20)
... Removed 29 stack frames]]>
    </failure>
  </testcase> <!-- test2 -->
  <testcase name="test3" time="0.002" classname="com.stc.listener.TestNGListenerTest">
    <skipped/>
  </testcase> <!-- test3 -->
  <testcase name="test4" time="0.002" classname="com.stc.listener.TestNGListenerTest"/>
  <testcase name="test5" time="0.001" classname="com.stc.listener.TestNGListenerTest"/>
  <testcase name="test10" time="0.002" classname="com.stc.listener.TestNGListenerTest2"/>
  <testcase name="test20" time="0.001" classname="com.stc.listener.TestNGListenerTest2">
    <failure type="java.lang.AssertionError" message="expected [true] but found [false]">
      <![CDATA[java.lang.AssertionError: expected [true] but found [false]
	at com.stc.listener.TestNGListenerTest2.test20(TestNGListenerTest2.java:20)
... Removed 29 stack frames]]>
    </failure>
  </testcase> <!-- test20 -->
  <testcase name="test30" time="0.001" classname="com.stc.listener.TestNGListenerTest2">
    <skipped/>
  </testcase> <!-- test30 -->
</testsuite> <!-- Test -->
