<?xml version="1.0" encoding="UTF-8"?>
<testng-results skipped="0" failed="0" ignored="0" total="1" passed="1">
  <reporter-output>
  </reporter-output>
  <suite name="Default suite" duration-ms="7723" started-at="2019-01-10T23:37:29Z" finished-at="2019-01-10T23:37:37Z">
    <groups>
    </groups>
    <test name="Default test" duration-ms="7723" started-at="2019-01-10T23:37:29Z" finished-at="2019-01-10T23:37:37Z">
      <class name="com.stc.test.AutoITTest">
        <test-method status="PASS" signature="setUp()[pri:0, instance:com.stc.test.AutoITTest@cc285f4]" name="setUp" is-config="true" duration-ms="3053" started-at="2019-01-10T17:37:29Z" finished-at="2019-01-10T17:37:32Z">
          <reporter-output>
          </reporter-output>
        </test-method> <!-- setUp -->
        <test-method status="PASS" signature="searhGoogle()[pri:0, instance:com.stc.test.AutoITTest@cc285f4]" name="searhGoogle" duration-ms="4654" started-at="2019-01-10T17:37:32Z" finished-at="2019-01-10T17:37:37Z">
          <reporter-output>
          </reporter-output>
        </test-method> <!-- searhGoogle -->
      </class> <!-- com.stc.test.AutoITTest -->
    </test> <!-- Default test -->
  </suite> <!-- Default suite -->
</testng-results>
